<?xml version="1.0" encoding="UTF-8"?>
<!-- Generated by org.testng.reporters.JUnitXMLReporter -->
<testsuite ignored="0" hostname="SUKANNYAG-WIN10" failures="0" tests="3" name="Default test" time="8.905" errors="0" timestamp="2022-08-01T11:28:46 IST">
  <testcase classname="TestRunner.loginPageTest" name="verifyTitle" time="0.039"/>
  <testcase classname="TestRunner.loginPageTest" name="LoginButtonTest" time="0.038"/>
  <testcase classname="TestRunner.loginPageTest" name="loginClick" time="2.707"/>
</testsuite> <!-- Default test -->
