<?xml version="1.0" encoding="UTF-8"?>
<!-- Generated by org.testng.reporters.JUnitXMLReporter -->
<testsuite ignored="0" hostname="SUKANNYAG-WIN10" failures="0" tests="4" name="1Signup" time="12.269" errors="0" timestamp="2022-07-29T15:58:16 IST">
  <testcase classname="TestRunner.signupPageTest" name="logoTest" time="0.184"/>
  <testcase classname="TestRunner.signupPageTest" name="signupButtonClickTest" time="0.056"/>
  <testcase classname="TestRunner.signupPageTest" name="signupButtonTest" time="2.686"/>
  <testcase classname="TestRunner.signupPageTest" name="signupTest" time="0.186"/>
</testsuite> <!-- 1Signup -->
