<?xml version="1.0" encoding="UTF-8"?>
<!-- Generated by org.testng.reporters.JUnitXMLReporter -->
<testsuite ignored="0" hostname="SUKANNYAG-WIN10" failures="0" tests="3" name="2Login" time="11.378" errors="0" timestamp="2022-07-29T15:58:28 IST">
  <testcase classname="TestRunner.loginPageTest" name="verifyTitle" time="0.022"/>
  <testcase classname="TestRunner.loginPageTest" name="LoginButtonTest" time="0.076"/>
  <testcase classname="TestRunner.loginPageTest" name="loginClick" time="4.701"/>
</testsuite> <!-- 2Login -->
