<?xml version="1.0" encoding="UTF-8"?>
<!-- Generated by org.testng.reporters.JUnitXMLReporter -->
<testsuite ignored="0" hostname="SUKANNYAG-WIN10" failures="0" tests="3" name="login" time="15.046" errors="0" timestamp="2022-07-30T10:37:56 IST">
  <testcase classname="TestRunner.loginPageTest" name="verifyTitle" time="0.138"/>
  <testcase classname="TestRunner.loginPageTest" name="LoginButtonTest" time="0.094"/>
  <testcase classname="TestRunner.loginPageTest" name="loginClick" time="4.194"/>
</testsuite> <!-- login -->
