<?xml version="1.0" encoding="UTF-8"?>
<!-- Generated by org.testng.reporters.JUnitXMLReporter -->
<testsuite ignored="0" hostname="SUKANNYAG-WIN10" failures="0" tests="3" name="loginTest" time="16.4" errors="0" timestamp="2022-08-03T12:01:21 IST">
  <testcase classname="TestRunner.loginPageTest" name="verifyTitle" time="0.15"/>
  <testcase classname="TestRunner.loginPageTest" name="LoginButtonTest" time="0.13"/>
  <testcase classname="TestRunner.loginPageTest" name="loginClick" time="5.853"/>
</testsuite> <!-- loginTest -->
