<?xml version="1.0" encoding="UTF-8"?>
<!-- Generated by org.testng.reporters.JUnitXMLReporter -->
<testsuite ignored="0" hostname="SUKANNYAG-WIN10" failures="0" tests="3" name="Login" time="9.535" errors="0" timestamp="2022-07-29T15:42:40 IST">
  <testcase classname="TestRunner.loginPageTest" name="verifyTitle" time="0.069"/>
  <testcase classname="TestRunner.loginPageTest" name="LoginButtonTest" time="0.121"/>
  <testcase classname="TestRunner.loginPageTest" name="loginClick" time="3.517"/>
</testsuite> <!-- Login -->
