<?xml version="1.0" encoding="UTF-8"?>
<!-- Generated by org.testng.reporters.JUnitXMLReporter -->
<testsuite ignored="0" hostname="SUKANNYAG-WIN10" failures="0" tests="4" name="signupTest" time="12.624" errors="0" timestamp="2022-08-03T11:55:56 IST">
  <testcase classname="TestRunner.signupPageTest" name="logoTest" time="0.112"/>
  <testcase classname="TestRunner.signupPageTest" name="signupButtonClickTest" time="0.062"/>
  <testcase classname="TestRunner.signupPageTest" name="signupButtonTest" time="4.568"/>
  <testcase classname="TestRunner.signupPageTest" name="signupTest" time="0.206"/>
</testsuite> <!-- signupTest -->
