<?xml version="1.0" encoding="UTF-8"?>
<!-- Generated by org.testng.reporters.JUnitXMLReporter -->
<testsuite ignored="0" hostname="SUKANNYAG-WIN10" failures="0" tests="4" name="signup" time="10.382" errors="0" timestamp="2022-07-30T10:38:06 IST">
  <testcase classname="TestRunner.signupPageTest" name="logoTest" time="0.075"/>
  <testcase classname="TestRunner.signupPageTest" name="signupButtonClickTest" time="0.044"/>
  <testcase classname="TestRunner.signupPageTest" name="signupButtonTest" time="3.87"/>
  <testcase classname="TestRunner.signupPageTest" name="signupTest" time="0.156"/>
</testsuite> <!-- signup -->
