<?xml version="1.0" encoding="UTF-8"?>
<!-- Generated by org.testng.reporters.JUnitXMLReporter -->
<testsuite ignored="0" hostname="SUKANNYAG-WIN10" failures="0" tests="4" name="Signup" time="14.569" errors="0" timestamp="2022-07-29T15:42:30 IST">
  <testcase classname="TestRunner.signupPageTest" name="logoTest" time="0.228"/>
  <testcase classname="TestRunner.signupPageTest" name="signupButtonClickTest" time="0.056"/>
  <testcase classname="TestRunner.signupPageTest" name="signupButtonTest" time="3.287"/>
  <testcase classname="TestRunner.signupPageTest" name="signupTest" time="0.184"/>
</testsuite> <!-- Signup -->
