<?xml version="1.0" encoding="UTF-8"?>
<!-- Generated by org.testng.reporters.JUnitXMLReporter -->
<testsuite ignored="0" hostname="SUKANNYAG-WIN10" failures="0" tests="4" name="signupTest" time="10.559" errors="0" timestamp="2022-08-01T14:40:34 IST">
  <testcase classname="TestRunner.signupPageTest" name="logoTest" time="0.109"/>
  <testcase classname="TestRunner.signupPageTest" name="signupButtonClickTest" time="0.054"/>
  <testcase classname="TestRunner.signupPageTest" name="signupButtonTest" time="3.307"/>
  <testcase classname="TestRunner.signupPageTest" name="signupTest" time="0.154"/>
</testsuite> <!-- signupTest -->
