<?xml version="1.0" encoding="UTF-8"?>
<testng-results ignored="0" total="7" passed="7" failed="0" skipped="0">
  <reporter-output>
  </reporter-output>
  <suite started-at="2022-08-01T14:40:09 IST" name="Suite" finished-at="2022-08-01T14:40:34 IST" duration-ms="24810">
    <groups>
    </groups>
    <test started-at="2022-08-01T14:40:09 IST" name="loginTest" finished-at="2022-08-01T14:40:23 IST" duration-ms="14173">
      <class name="TestRunner.loginPageTest">
        <test-method is-config="true" signature="setUp()[pri:0, instance:TestRunner.loginPageTest@17497425]" started-at="2022-08-01T14:40:09 IST" name="setUp" finished-at="2022-08-01T14:40:17 IST" duration-ms="7940" status="PASS">
          <reporter-output>
          </reporter-output>
        </test-method> <!-- setUp -->
        <test-method is-config="true" signature="openTest()[pri:0, instance:TestRunner.loginPageTest@17497425]" started-at="2022-08-01T14:40:17 IST" name="openTest" finished-at="2022-08-01T14:40:17 IST" duration-ms="442" status="PASS">
          <reporter-output>
          </reporter-output>
        </test-method> <!-- openTest -->
        <test-method signature="verifyTitle()[pri:0, instance:TestRunner.loginPageTest@17497425]" started-at="2022-08-01T14:40:17 IST" name="verifyTitle" finished-at="2022-08-01T14:40:18 IST" duration-ms="103" status="PASS">
          <reporter-output>
          </reporter-output>
        </test-method> <!-- verifyTitle -->
        <test-method signature="LoginButtonTest()[pri:1, instance:TestRunner.loginPageTest@17497425]" started-at="2022-08-01T14:40:18 IST" name="LoginButtonTest" finished-at="2022-08-01T14:40:18 IST" duration-ms="74" status="PASS">
          <reporter-output>
          </reporter-output>
        </test-method> <!-- LoginButtonTest -->
        <test-method signature="loginClick()[pri:2, instance:TestRunner.loginPageTest@17497425]" started-at="2022-08-01T14:40:18 IST" name="loginClick" finished-at="2022-08-01T14:40:21 IST" duration-ms="3678" status="PASS">
          <reporter-output>
          </reporter-output>
        </test-method> <!-- loginClick -->
        <test-method is-config="true" signature="closeTest()[pri:0, instance:TestRunner.loginPageTest@17497425]" started-at="2022-08-01T14:40:21 IST" name="closeTest" finished-at="2022-08-01T14:40:22 IST" duration-ms="611" status="PASS">
          <reporter-output>
          </reporter-output>
        </test-method> <!-- closeTest -->
        <test-method is-config="true" signature="teardown()[pri:0, instance:TestRunner.loginPageTest@17497425]" started-at="2022-08-01T14:40:22 IST" name="teardown" finished-at="2022-08-01T14:40:23 IST" duration-ms="1244" status="PASS">
          <reporter-output>
          </reporter-output>
        </test-method> <!-- teardown -->
      </class> <!-- TestRunner.loginPageTest -->
    </test> <!-- loginTest -->
    <test started-at="2022-08-01T14:40:23 IST" name="signupTest" finished-at="2022-08-01T14:40:34 IST" duration-ms="10559">
      <class name="TestRunner.signupPageTest">
        <test-method is-config="true" signature="setUp()[pri:0, instance:TestRunner.signupPageTest@7b36aa0c]" started-at="2022-08-01T14:40:23 IST" name="setUp" finished-at="2022-08-01T14:40:29 IST" duration-ms="5600" status="PASS">
          <reporter-output>
          </reporter-output>
        </test-method> <!-- setUp -->
        <test-method is-config="true" signature="openTestReport()[pri:0, instance:TestRunner.signupPageTest@7b36aa0c]" started-at="2022-08-01T14:40:29 IST" name="openTestReport" finished-at="2022-08-01T14:40:29 IST" duration-ms="7" status="PASS">
          <reporter-output>
          </reporter-output>
        </test-method> <!-- openTestReport -->
        <test-method signature="logoTest()[pri:0, instance:TestRunner.signupPageTest@7b36aa0c]" started-at="2022-08-01T14:40:29 IST" name="logoTest" finished-at="2022-08-01T14:40:29 IST" duration-ms="109" status="PASS">
          <reporter-output>
          </reporter-output>
        </test-method> <!-- logoTest -->
        <test-method signature="signupButtonClickTest()[pri:1, instance:TestRunner.signupPageTest@7b36aa0c]" started-at="2022-08-01T14:40:29 IST" name="signupButtonClickTest" finished-at="2022-08-01T14:40:29 IST" duration-ms="54" status="PASS">
          <reporter-output>
          </reporter-output>
        </test-method> <!-- signupButtonClickTest -->
        <test-method signature="signupButtonTest()[pri:2, instance:TestRunner.signupPageTest@7b36aa0c]" started-at="2022-08-01T14:40:29 IST" name="signupButtonTest" finished-at="2022-08-01T14:40:32 IST" duration-ms="3307" status="PASS">
          <reporter-output>
          </reporter-output>
        </test-method> <!-- signupButtonTest -->
        <test-method signature="signupTest()[pri:3, instance:TestRunner.signupPageTest@7b36aa0c]" started-at="2022-08-01T14:40:32 IST" name="signupTest" finished-at="2022-08-01T14:40:32 IST" duration-ms="154" status="PASS">
          <reporter-output>
          </reporter-output>
        </test-method> <!-- signupTest -->
        <test-method is-config="true" signature="closeTest()[pri:0, instance:TestRunner.signupPageTest@7b36aa0c]" started-at="2022-08-01T14:40:33 IST" name="closeTest" finished-at="2022-08-01T14:40:33 IST" duration-ms="80" status="PASS">
          <reporter-output>
          </reporter-output>
        </test-method> <!-- closeTest -->
        <test-method is-config="true" signature="tearDown()[pri:0, instance:TestRunner.signupPageTest@7b36aa0c]" started-at="2022-08-01T14:40:33 IST" name="tearDown" finished-at="2022-08-01T14:40:34 IST" duration-ms="1239" status="PASS">
          <reporter-output>
          </reporter-output>
        </test-method> <!-- tearDown -->
      </class> <!-- TestRunner.signupPageTest -->
    </test> <!-- signupTest -->
  </suite> <!-- Suite -->
</testng-results>
