<?xml version="1.0" encoding="UTF-8"?>
<testng-results ignored="0" total="3" passed="3" failed="0" skipped="0">
  <reporter-output>
  </reporter-output>
  <suite started-at="2022-08-01T11:28:37 IST" name="Default suite" finished-at="2022-08-01T11:28:46 IST" duration-ms="8905">
    <groups>
    </groups>
    <test started-at="2022-08-01T11:28:37 IST" name="Default test" finished-at="2022-08-01T11:28:46 IST" duration-ms="8905">
      <class name="TestRunner.loginPageTest">
        <test-method is-config="true" signature="setUp()[pri:0, instance:TestRunner.loginPageTest@957e06]" started-at="2022-08-01T11:28:37 IST" name="setUp" finished-at="2022-08-01T11:28:42 IST" duration-ms="5611" status="PASS">
          <reporter-output>
          </reporter-output>
        </test-method> <!-- setUp -->
        <test-method is-config="true" signature="openTest()[pri:0, instance:TestRunner.loginPageTest@957e06]" started-at="2022-08-01T11:28:42 IST" name="openTest" finished-at="2022-08-01T11:28:43 IST" duration-ms="242" status="PASS">
          <reporter-output>
          </reporter-output>
        </test-method> <!-- openTest -->
        <test-method signature="verifyTitle()[pri:1, instance:TestRunner.loginPageTest@957e06]" started-at="2022-08-01T11:28:43 IST" name="verifyTitle" finished-at="2022-08-01T11:28:43 IST" duration-ms="39" status="PASS">
          <reporter-output>
          </reporter-output>
        </test-method> <!-- verifyTitle -->
        <test-method signature="LoginButtonTest()[pri:2, instance:TestRunner.loginPageTest@957e06]" started-at="2022-08-01T11:28:43 IST" name="LoginButtonTest" finished-at="2022-08-01T11:28:43 IST" duration-ms="38" status="PASS">
          <reporter-output>
          </reporter-output>
        </test-method> <!-- LoginButtonTest -->
        <test-method signature="loginClick()[pri:3, instance:TestRunner.loginPageTest@957e06]" started-at="2022-08-01T11:28:43 IST" name="loginClick" finished-at="2022-08-01T11:28:46 IST" duration-ms="2707" status="PASS">
          <reporter-output>
          </reporter-output>
        </test-method> <!-- loginClick -->
        <test-method is-config="true" signature="closeTest()[pri:0, instance:TestRunner.loginPageTest@957e06]" started-at="2022-08-01T11:28:46 IST" name="closeTest" finished-at="2022-08-01T11:28:46 IST" duration-ms="222" status="PASS">
          <reporter-output>
          </reporter-output>
        </test-method> <!-- closeTest -->
        <test-method is-config="true" signature="teardown()[pri:0, instance:TestRunner.loginPageTest@957e06]" started-at="2022-08-01T11:28:46 IST" name="teardown" finished-at="2022-08-01T11:28:46 IST" duration-ms="132" status="PASS">
          <reporter-output>
          </reporter-output>
        </test-method> <!-- teardown -->
      </class> <!-- TestRunner.loginPageTest -->
    </test> <!-- Default test -->
  </suite> <!-- Default suite -->
</testng-results>
