<?xml version="1.0" encoding="UTF-8"?>
<testng-results ignored="0" total="7" passed="7" failed="0" skipped="0">
  <reporter-output>
  </reporter-output>
  <suite started-at="2022-08-02T17:59:54 IST" name="Suite" finished-at="2022-08-02T18:00:20 IST" duration-ms="25123">
    <groups>
    </groups>
    <test started-at="2022-08-02T17:59:54 IST" name="loginTest" finished-at="2022-08-02T18:00:09 IST" duration-ms="14653">
      <class name="TestRunner.loginPageTest">
        <test-method is-config="true" signature="setUp()[pri:0, instance:TestRunner.loginPageTest@17497425]" started-at="2022-08-02T17:59:54 IST" name="setUp" finished-at="2022-08-02T18:00:03 IST" duration-ms="8260" status="PASS">
          <reporter-output>
          </reporter-output>
        </test-method> <!-- setUp -->
        <test-method is-config="true" signature="openTest()[pri:0, instance:TestRunner.loginPageTest@17497425]" started-at="2022-08-02T18:00:03 IST" name="openTest" finished-at="2022-08-02T18:00:03 IST" duration-ms="452" status="PASS">
          <reporter-output>
          </reporter-output>
        </test-method> <!-- openTest -->
        <test-method signature="verifyTitle()[pri:0, instance:TestRunner.loginPageTest@17497425]" started-at="2022-08-02T18:00:03 IST" name="verifyTitle" finished-at="2022-08-02T18:00:03 IST" duration-ms="112" status="PASS">
          <reporter-output>
          </reporter-output>
        </test-method> <!-- verifyTitle -->
        <test-method signature="LoginButtonTest()[pri:1, instance:TestRunner.loginPageTest@17497425]" started-at="2022-08-02T18:00:03 IST" name="LoginButtonTest" finished-at="2022-08-02T18:00:03 IST" duration-ms="71" status="PASS">
          <reporter-output>
          </reporter-output>
        </test-method> <!-- LoginButtonTest -->
        <test-method signature="loginClick()[pri:2, instance:TestRunner.loginPageTest@17497425]" started-at="2022-08-02T18:00:03 IST" name="loginClick" finished-at="2022-08-02T18:00:07 IST" duration-ms="3836" status="PASS">
          <reporter-output>
          </reporter-output>
        </test-method> <!-- loginClick -->
        <test-method is-config="true" signature="closeTest()[pri:0, instance:TestRunner.loginPageTest@17497425]" started-at="2022-08-02T18:00:07 IST" name="closeTest" finished-at="2022-08-02T18:00:08 IST" duration-ms="574" status="PASS">
          <reporter-output>
          </reporter-output>
        </test-method> <!-- closeTest -->
        <test-method is-config="true" signature="teardown()[pri:0, instance:TestRunner.loginPageTest@17497425]" started-at="2022-08-02T18:00:08 IST" name="teardown" finished-at="2022-08-02T18:00:09 IST" duration-ms="1252" status="PASS">
          <reporter-output>
          </reporter-output>
        </test-method> <!-- teardown -->
      </class> <!-- TestRunner.loginPageTest -->
    </test> <!-- loginTest -->
    <test started-at="2022-08-02T18:00:09 IST" name="signupTest" finished-at="2022-08-02T18:00:20 IST" duration-ms="10389">
      <class name="TestRunner.signupPageTest">
        <test-method is-config="true" signature="setUp()[pri:0, instance:TestRunner.signupPageTest@5824a83d]" started-at="2022-08-02T18:00:09 IST" name="setUp" finished-at="2022-08-02T18:00:14 IST" duration-ms="5204" status="PASS">
          <reporter-output>
          </reporter-output>
        </test-method> <!-- setUp -->
        <test-method is-config="true" signature="openTestReport()[pri:0, instance:TestRunner.signupPageTest@5824a83d]" started-at="2022-08-02T18:00:14 IST" name="openTestReport" finished-at="2022-08-02T18:00:14 IST" duration-ms="5" status="PASS">
          <reporter-output>
          </reporter-output>
        </test-method> <!-- openTestReport -->
        <test-method signature="logoTest()[pri:0, instance:TestRunner.signupPageTest@5824a83d]" started-at="2022-08-02T18:00:14 IST" name="logoTest" finished-at="2022-08-02T18:00:15 IST" duration-ms="402" status="PASS">
          <reporter-output>
          </reporter-output>
        </test-method> <!-- logoTest -->
        <test-method signature="signupButtonClickTest()[pri:1, instance:TestRunner.signupPageTest@5824a83d]" started-at="2022-08-02T18:00:15 IST" name="signupButtonClickTest" finished-at="2022-08-02T18:00:15 IST" duration-ms="44" status="PASS">
          <reporter-output>
          </reporter-output>
        </test-method> <!-- signupButtonClickTest -->
        <test-method signature="signupButtonTest()[pri:2, instance:TestRunner.signupPageTest@5824a83d]" started-at="2022-08-02T18:00:15 IST" name="signupButtonTest" finished-at="2022-08-02T18:00:18 IST" duration-ms="3234" status="PASS">
          <reporter-output>
          </reporter-output>
        </test-method> <!-- signupButtonTest -->
        <test-method signature="signupTest()[pri:3, instance:TestRunner.signupPageTest@5824a83d]" started-at="2022-08-02T18:00:18 IST" name="signupTest" finished-at="2022-08-02T18:00:18 IST" duration-ms="172" status="PASS">
          <reporter-output>
          </reporter-output>
        </test-method> <!-- signupTest -->
        <test-method is-config="true" signature="closeTest()[pri:0, instance:TestRunner.signupPageTest@5824a83d]" started-at="2022-08-02T18:00:18 IST" name="closeTest" finished-at="2022-08-02T18:00:18 IST" duration-ms="78" status="PASS">
          <reporter-output>
          </reporter-output>
        </test-method> <!-- closeTest -->
        <test-method is-config="true" signature="tearDown()[pri:0, instance:TestRunner.signupPageTest@5824a83d]" started-at="2022-08-02T18:00:18 IST" name="tearDown" finished-at="2022-08-02T18:00:20 IST" duration-ms="1234" status="PASS">
          <reporter-output>
          </reporter-output>
        </test-method> <!-- tearDown -->
      </class> <!-- TestRunner.signupPageTest -->
    </test> <!-- signupTest -->
  </suite> <!-- Suite -->
</testng-results>
