<?xml version="1.0" encoding="UTF-8"?>
<testng-results ignored="0" total="7" passed="7" failed="0" skipped="0">
  <reporter-output>
  </reporter-output>
  <suite started-at="2022-07-29T15:58:04 IST" name="Suite" finished-at="2022-07-29T15:58:28 IST" duration-ms="23719">
    <groups>
    </groups>
    <test started-at="2022-07-29T15:58:04 IST" name="1Signup" finished-at="2022-07-29T15:58:16 IST" duration-ms="12269">
      <class name="TestRunner.signupPageTest">
        <test-method is-config="true" signature="setUp()[pri:0, instance:TestRunner.signupPageTest@3a44431a]" started-at="2022-07-29T15:58:04 IST" name="setUp" finished-at="2022-07-29T15:58:12 IST" duration-ms="7835" status="PASS">
          <reporter-output>
          </reporter-output>
        </test-method> <!-- setUp -->
        <test-method is-config="true" signature="openTestReport()[pri:0, instance:TestRunner.signupPageTest@3a44431a]" started-at="2022-07-29T15:58:12 IST" name="openTestReport" finished-at="2022-07-29T15:58:12 IST" duration-ms="461" status="PASS">
          <reporter-output>
          </reporter-output>
        </test-method> <!-- openTestReport -->
        <test-method signature="logoTest()[pri:0, instance:TestRunner.signupPageTest@3a44431a]" started-at="2022-07-29T15:58:12 IST" name="logoTest" finished-at="2022-07-29T15:58:13 IST" duration-ms="184" status="PASS">
          <reporter-output>
          </reporter-output>
        </test-method> <!-- logoTest -->
        <test-method signature="signupButtonClickTest()[pri:1, instance:TestRunner.signupPageTest@3a44431a]" started-at="2022-07-29T15:58:13 IST" name="signupButtonClickTest" finished-at="2022-07-29T15:58:13 IST" duration-ms="56" status="PASS">
          <reporter-output>
          </reporter-output>
        </test-method> <!-- signupButtonClickTest -->
        <test-method signature="signupButtonTest()[pri:2, instance:TestRunner.signupPageTest@3a44431a]" started-at="2022-07-29T15:58:13 IST" name="signupButtonTest" finished-at="2022-07-29T15:58:15 IST" duration-ms="2686" status="PASS">
          <reporter-output>
          </reporter-output>
        </test-method> <!-- signupButtonTest -->
        <test-method signature="signupTest()[pri:3, instance:TestRunner.signupPageTest@3a44431a]" started-at="2022-07-29T15:58:15 IST" name="signupTest" finished-at="2022-07-29T15:58:16 IST" duration-ms="186" status="PASS">
          <reporter-output>
          </reporter-output>
        </test-method> <!-- signupTest -->
        <test-method is-config="true" signature="closeTest()[pri:0, instance:TestRunner.signupPageTest@3a44431a]" started-at="2022-07-29T15:58:16 IST" name="closeTest" finished-at="2022-07-29T15:58:16 IST" duration-ms="573" status="PASS">
          <reporter-output>
          </reporter-output>
        </test-method> <!-- closeTest -->
        <test-method is-config="true" signature="tearDown()[pri:0, instance:TestRunner.signupPageTest@3a44431a]" started-at="2022-07-29T15:58:16 IST" name="tearDown" finished-at="2022-07-29T15:58:16 IST" duration-ms="212" status="PASS">
          <reporter-output>
          </reporter-output>
        </test-method> <!-- tearDown -->
      </class> <!-- TestRunner.signupPageTest -->
    </test> <!-- 1Signup -->
    <test started-at="2022-07-29T15:58:16 IST" name="2Login" finished-at="2022-07-29T15:58:28 IST" duration-ms="11378">
      <class name="TestRunner.loginPageTest">
        <test-method is-config="true" signature="setUp()[pri:0, instance:TestRunner.loginPageTest@6fdbe764]" started-at="2022-07-29T15:58:16 IST" name="setUp" finished-at="2022-07-29T15:58:23 IST" duration-ms="6268" status="PASS">
          <reporter-output>
          </reporter-output>
        </test-method> <!-- setUp -->
        <test-method is-config="true" signature="openTest()[pri:0, instance:TestRunner.loginPageTest@6fdbe764]" started-at="2022-07-29T15:58:23 IST" name="openTest" finished-at="2022-07-29T15:58:23 IST" duration-ms="6" status="PASS">
          <reporter-output>
          </reporter-output>
        </test-method> <!-- openTest -->
        <test-method signature="verifyTitle()[pri:1, instance:TestRunner.loginPageTest@6fdbe764]" started-at="2022-07-29T15:58:23 IST" name="verifyTitle" finished-at="2022-07-29T15:58:23 IST" duration-ms="22" status="PASS">
          <reporter-output>
          </reporter-output>
        </test-method> <!-- verifyTitle -->
        <test-method signature="LoginButtonTest()[pri:2, instance:TestRunner.loginPageTest@6fdbe764]" started-at="2022-07-29T15:58:23 IST" name="LoginButtonTest" finished-at="2022-07-29T15:58:23 IST" duration-ms="76" status="PASS">
          <reporter-output>
          </reporter-output>
        </test-method> <!-- LoginButtonTest -->
        <test-method signature="loginClick()[pri:3, instance:TestRunner.loginPageTest@6fdbe764]" started-at="2022-07-29T15:58:23 IST" name="loginClick" finished-at="2022-07-29T15:58:27 IST" duration-ms="4701" status="PASS">
          <reporter-output>
          </reporter-output>
        </test-method> <!-- loginClick -->
        <test-method is-config="true" signature="closeTest()[pri:0, instance:TestRunner.loginPageTest@6fdbe764]" started-at="2022-07-29T15:58:27 IST" name="closeTest" finished-at="2022-07-29T15:58:28 IST" duration-ms="95" status="PASS">
          <reporter-output>
          </reporter-output>
        </test-method> <!-- closeTest -->
        <test-method is-config="true" signature="teardown()[pri:0, instance:TestRunner.loginPageTest@6fdbe764]" started-at="2022-07-29T15:58:28 IST" name="teardown" finished-at="2022-07-29T15:58:28 IST" duration-ms="194" status="PASS">
          <reporter-output>
          </reporter-output>
        </test-method> <!-- teardown -->
      </class> <!-- TestRunner.loginPageTest -->
    </test> <!-- 2Login -->
  </suite> <!-- Suite -->
</testng-results>
