<?xml version="1.0" encoding="UTF-8"?>
<testng-results ignored="0" total="4" passed="4" failed="0" skipped="0">
  <reporter-output>
  </reporter-output>
  <suite started-at="2022-07-29T00:17:56 IST" name="Default suite" finished-at="2022-07-29T00:18:05 IST" duration-ms="8733">
    <groups>
    </groups>
    <test started-at="2022-07-29T00:17:56 IST" name="Default test" finished-at="2022-07-29T00:18:05 IST" duration-ms="8733">
      <class name="TestRunner.signupPageTest">
        <test-method is-config="true" signature="setUp()[pri:0, instance:TestRunner.signupPageTest@3a44431a]" started-at="2022-07-29T00:17:56 IST" name="setUp" finished-at="2022-07-29T00:18:02 IST" duration-ms="5506" status="PASS">
          <reporter-output>
          </reporter-output>
        </test-method> <!-- setUp -->
        <test-method is-config="true" signature="openTestReport()[pri:0, instance:TestRunner.signupPageTest@3a44431a]" started-at="2022-07-29T00:18:02 IST" name="openTestReport" finished-at="2022-07-29T00:18:02 IST" duration-ms="181" status="PASS">
          <reporter-output>
          </reporter-output>
        </test-method> <!-- openTestReport -->
        <test-method signature="logoTest()[pri:0, instance:TestRunner.signupPageTest@3a44431a]" started-at="2022-07-29T00:18:02 IST" name="logoTest" finished-at="2022-07-29T00:18:02 IST" duration-ms="74" status="PASS">
          <reporter-output>
          </reporter-output>
        </test-method> <!-- logoTest -->
        <test-method signature="signupButtonClickTest()[pri:1, instance:TestRunner.signupPageTest@3a44431a]" started-at="2022-07-29T00:18:02 IST" name="signupButtonClickTest" finished-at="2022-07-29T00:18:02 IST" duration-ms="28" status="PASS">
          <reporter-output>
          </reporter-output>
        </test-method> <!-- signupButtonClickTest -->
        <test-method signature="signupButtonTest()[pri:2, instance:TestRunner.signupPageTest@3a44431a]" started-at="2022-07-29T00:18:02 IST" name="signupButtonTest" finished-at="2022-07-29T00:18:05 IST" duration-ms="2558" status="PASS">
          <reporter-output>
          </reporter-output>
        </test-method> <!-- signupButtonTest -->
        <test-method signature="signupTest()[pri:3, instance:TestRunner.signupPageTest@3a44431a]" started-at="2022-07-29T00:18:05 IST" name="signupTest" finished-at="2022-07-29T00:18:05 IST" duration-ms="9" status="PASS">
          <reporter-output>
          </reporter-output>
        </test-method> <!-- signupTest -->
        <test-method is-config="true" signature="closeTest()[pri:0, instance:TestRunner.signupPageTest@3a44431a]" started-at="2022-07-29T00:18:05 IST" name="closeTest" finished-at="2022-07-29T00:18:05 IST" duration-ms="199" status="PASS">
          <reporter-output>
          </reporter-output>
        </test-method> <!-- closeTest -->
        <test-method is-config="true" signature="tearDown()[pri:0, instance:TestRunner.signupPageTest@3a44431a]" started-at="2022-07-29T00:18:05 IST" name="tearDown" finished-at="2022-07-29T00:18:05 IST" duration-ms="140" status="PASS">
          <reporter-output>
          </reporter-output>
        </test-method> <!-- tearDown -->
      </class> <!-- TestRunner.signupPageTest -->
    </test> <!-- Default test -->
  </suite> <!-- Default suite -->
</testng-results>
