<?xml version="1.0" encoding="UTF-8"?>
<testng-results ignored="0" total="3" passed="3" failed="0" skipped="0">
  <reporter-output>
  </reporter-output>
  <suite started-at="2022-08-01T11:35:15 IST" name="Default suite" finished-at="2022-08-01T11:35:25 IST" duration-ms="9854">
    <groups>
    </groups>
    <test started-at="2022-08-01T11:35:15 IST" name="Default test" finished-at="2022-08-01T11:35:25 IST" duration-ms="9854">
      <class name="TestRunner.loginPageTest">
        <test-method is-config="true" signature="setUp()[pri:0, instance:TestRunner.loginPageTest@957e06]" started-at="2022-08-01T11:35:15 IST" name="setUp" finished-at="2022-08-01T11:35:21 IST" duration-ms="6096" status="PASS">
          <reporter-output>
          </reporter-output>
        </test-method> <!-- setUp -->
        <test-method is-config="true" signature="openTest()[pri:0, instance:TestRunner.loginPageTest@957e06]" started-at="2022-08-01T11:35:21 IST" name="openTest" finished-at="2022-08-01T11:35:21 IST" duration-ms="190" status="PASS">
          <reporter-output>
          </reporter-output>
        </test-method> <!-- openTest -->
        <test-method signature="verifyTitle()[pri:0, instance:TestRunner.loginPageTest@957e06]" started-at="2022-08-01T11:35:21 IST" name="verifyTitle" finished-at="2022-08-01T11:35:21 IST" duration-ms="59" status="PASS">
          <reporter-output>
          </reporter-output>
        </test-method> <!-- verifyTitle -->
        <test-method signature="LoginButtonTest()[pri:1, instance:TestRunner.loginPageTest@957e06]" started-at="2022-08-01T11:35:21 IST" name="LoginButtonTest" finished-at="2022-08-01T11:35:21 IST" duration-ms="46" status="PASS">
          <reporter-output>
          </reporter-output>
        </test-method> <!-- LoginButtonTest -->
        <test-method signature="loginClick()[pri:2, instance:TestRunner.loginPageTest@957e06]" started-at="2022-08-01T11:35:21 IST" name="loginClick" finished-at="2022-08-01T11:35:24 IST" duration-ms="3160" status="PASS">
          <reporter-output>
          </reporter-output>
        </test-method> <!-- loginClick -->
        <test-method is-config="true" signature="closeTest()[pri:0, instance:TestRunner.loginPageTest@957e06]" started-at="2022-08-01T11:35:24 IST" name="closeTest" finished-at="2022-08-01T11:35:25 IST" duration-ms="250" status="PASS">
          <reporter-output>
          </reporter-output>
        </test-method> <!-- closeTest -->
        <test-method is-config="true" signature="teardown()[pri:0, instance:TestRunner.loginPageTest@957e06]" started-at="2022-08-01T11:35:25 IST" name="teardown" finished-at="2022-08-01T11:35:25 IST" duration-ms="165" status="PASS">
          <reporter-output>
          </reporter-output>
        </test-method> <!-- teardown -->
      </class> <!-- TestRunner.loginPageTest -->
    </test> <!-- Default test -->
  </suite> <!-- Default suite -->
</testng-results>
